This is XeTeX, Version 3.14159265-2.6-0.999991 (TeX Live 2019/W32TeX) (preloaded format=xelatex 2022.5.26)  11 SEP 2022 01:22
entering extended mode
 restricted \write18 enabled.
 %&-line parsing enabled.
**main.tex
(./main.tex
LaTeX2e <2018-12-01>
(./head.tex (d:/texlive/2019/texmf-dist/tex/latex/base/book.cls
Document Class: book 2018/09/03 v1.4i Standard LaTeX document class
(d:/texlive/2019/texmf-dist/tex/latex/base/bk11.clo
File: bk11.clo 2018/09/03 v1.4i Standard LaTeX file (size option)
)
\c@part=\count80
\c@chapter=\count81
\c@section=\count82
\c@subsection=\count83
\c@subsubsection=\count84
\c@paragraph=\count85
\c@subparagraph=\count86
\c@figure=\count87
\c@table=\count88
\abovecaptionskip=\skip41
\belowcaptionskip=\skip42
\bibindent=\dimen102
)
(d:/texlive/2019/texmf-dist/tex/latex/mathtools/mathtools.sty
Package: mathtools 2018/01/08 v1.21 mathematical typesetting tools

(d:/texlive/2019/texmf-dist/tex/latex/graphics/keyval.sty
Package: keyval 2014/10/28 v1.15 key=value parser (DPC)
\KV@toks@=\toks14
)
(d:/texlive/2019/texmf-dist/tex/latex/tools/calc.sty
Package: calc 2017/05/25 v4.3 Infix arithmetic (KKT,FJ)
\calc@Acount=\count89
\calc@Bcount=\count90
\calc@Adimen=\dimen103
\calc@Bdimen=\dimen104
\calc@Askip=\skip43
\calc@Bskip=\skip44
LaTeX Info: Redefining \setlength on input line 80.
LaTeX Info: Redefining \addtolength on input line 81.
\calc@Ccount=\count91
\calc@Cskip=\skip45
)
(d:/texlive/2019/texmf-dist/tex/latex/mathtools/mhsetup.sty
Package: mhsetup 2017/03/31 v1.3 programming setup (MH)
)
(d:/texlive/2019/texmf-dist/tex/latex/amsmath/amsmath.sty
Package: amsmath 2018/12/01 v2.17b AMS math features
\@mathmargin=\skip46

For additional information on amsmath, use the `?' option.
(d:/texlive/2019/texmf-dist/tex/latex/amsmath/amstext.sty
Package: amstext 2000/06/29 v2.01 AMS text

(d:/texlive/2019/texmf-dist/tex/latex/amsmath/amsgen.sty
File: amsgen.sty 1999/11/30 v2.0 generic functions
\@emptytoks=\toks15
\ex@=\dimen105
))
(d:/texlive/2019/texmf-dist/tex/latex/amsmath/amsbsy.sty
Package: amsbsy 1999/11/29 v1.2d Bold Symbols
\pmbraise@=\dimen106
)
(d:/texlive/2019/texmf-dist/tex/latex/amsmath/amsopn.sty
Package: amsopn 2016/03/08 v2.02 operator names
)
\inf@bad=\count92
LaTeX Info: Redefining \frac on input line 223.
\uproot@=\count93
\leftroot@=\count94
LaTeX Info: Redefining \overline on input line 385.
\classnum@=\count95
\DOTSCASE@=\count96
LaTeX Info: Redefining \ldots on input line 482.
LaTeX Info: Redefining \dots on input line 485.
LaTeX Info: Redefining \cdots on input line 606.
\Mathstrutbox@=\box27
\strutbox@=\box28
\big@size=\dimen107
LaTeX Font Info:    Redeclaring font encoding OML on input line 729.
LaTeX Font Info:    Redeclaring font encoding OMS on input line 730.
\macc@depth=\count97
\c@MaxMatrixCols=\count98
\dotsspace@=\muskip10
\c@parentequation=\count99
\dspbrk@lvl=\count100
\tag@help=\toks16
\row@=\count101
\column@=\count102
\maxfields@=\count103
\andhelp@=\toks17
\eqnshift@=\dimen108
\alignsep@=\dimen109
\tagshift@=\dimen110
\tagwidth@=\dimen111
\totwidth@=\dimen112
\lineht@=\dimen113
\@envbody=\toks18
\multlinegap=\skip47
\multlinetaggap=\skip48
\mathdisplay@stack=\toks19
LaTeX Info: Redefining \[ on input line 2844.
LaTeX Info: Redefining \] on input line 2845.
)
LaTeX Info: Thecontrolsequence`\('isalreadyrobust on input line 129.
LaTeX Info: Thecontrolsequence`\)'isalreadyrobust on input line 129.
LaTeX Info: Thecontrolsequence`\['isalreadyrobust on input line 129.
LaTeX Info: Thecontrolsequence`\]'isalreadyrobust on input line 129.
\g_MT_multlinerow_int=\count104
\l_MT_multwidth_dim=\dimen114
\origjot=\skip49
\l_MT_shortvdotswithinadjustabove_dim=\dimen115
\l_MT_shortvdotswithinadjustbelow_dim=\dimen116
\l_MT_above_intertext_sep=\dimen117
\l_MT_below_intertext_sep=\dimen118
\l_MT_above_shortintertext_sep=\dimen119
\l_MT_below_shortintertext_sep=\dimen120
)
(d:/texlive/2019/texmf-dist/tex/latex/amsfonts/amsfonts.sty
Package: amsfonts 2013/01/14 v3.01 Basic AMSFonts support
\symAMSa=\mathgroup4
\symAMSb=\mathgroup5
LaTeX Font Info:    Overwriting math alphabet `\mathfrak' in version `bold'
(Font)                  U/euf/m/n --> U/euf/b/n on input line 106.
)
(d:/texlive/2019/texmf-dist/tex/latex/amscls/amsthm.sty
Package: amsthm 2017/10/31 v2.20.4
\thm@style=\toks20
\thm@bodyfont=\toks21
\thm@headfont=\toks22
\thm@notefont=\toks23
\thm@headpunct=\toks24
\thm@preskip=\skip50
\thm@postskip=\skip51
\thm@headsep=\skip52
\dth@everypar=\toks25
)
(d:/texlive/2019/texmf-dist/tex/latex/amsmath/amscd.sty
Package: amscd 2017/04/14 v2.1 AMS Commutative Diagrams
\athelp@=\toks26
\minaw@=\dimen121
\bigaw@=\dimen122
\minCDarrowwidth=\dimen123
)
(d:/texlive/2019/texmf-dist/tex/latex/amsfonts/amssymb.sty
Package: amssymb 2013/01/14 v3.01 AMS font symbols
)
(d:/texlive/2019/texmf-dist/tex/latex/setspace/setspace.sty
Package: setspace 2011/12/19 v6.7a set line spacing
)
(d:/texlive/2019/texmf-dist/tex/latex/thmtools/thmtools.sty
Package: thmtools 2014/04/21 v66
\thmt@toks=\toks27
\c@thmt@dummyctr=\count105

(d:/texlive/2019/texmf-dist/tex/latex/thmtools/thm-patch.sty
Package: thm-patch 2014/04/21 v66

(d:/texlive/2019/texmf-dist/tex/latex/thmtools/parseargs.sty
Package: parseargs 2014/04/21 v66
\@parsespec=\toks28
))
(d:/texlive/2019/texmf-dist/tex/latex/thmtools/thm-kv.sty
Package: thm-kv 2014/04/21 v66
Package thm-kv Info: Theorem names will be uppercased on input line 40.

(d:/texlive/2019/texmf-dist/tex/generic/oberdiek/kvsetkeys.sty
Package: kvsetkeys 2016/05/16 v1.17 Key value parser (HO)

(d:/texlive/2019/texmf-dist/tex/generic/oberdiek/infwarerr.sty
Package: infwarerr 2016/05/16 v1.4 Providing info/warning/error messages (HO)
)
(d:/texlive/2019/texmf-dist/tex/generic/oberdiek/etexcmds.sty
Package: etexcmds 2016/05/16 v1.6 Avoid name clashes with e-TeX commands (HO)

(d:/texlive/2019/texmf-dist/tex/generic/oberdiek/ifluatex.sty
Package: ifluatex 2016/05/16 v1.4 Provides the ifluatex switch (HO)
Package ifluatex Info: LuaTeX not detected.
)))
Package thm-kv Info: kvsetkeys patch (v1.16 or later) on input line 156.
)
(d:/texlive/2019/texmf-dist/tex/latex/thmtools/thm-autoref.sty
Package: thm-autoref 2014/04/21 v66

(d:/texlive/2019/texmf-dist/tex/latex/thmtools/aliasctr.sty
Package: aliasctr 2014/04/21 v66

(d:/texlive/2019/texmf-dist/tex/latex/carlisle/remreset.sty

Package remreset Warning: The remreset package is obsolete:
(remreset)                \@removefomresset is defined.

))) (d:/texlive/2019/texmf-dist/tex/latex/thmtools/thm-listof.sty
Package: thm-listof 2014/04/21 v66
)
(d:/texlive/2019/texmf-dist/tex/latex/thmtools/thm-restate.sty
Package: thm-restate 2014/04/21 v66
)
(d:/texlive/2019/texmf-dist/tex/latex/thmtools/thm-amsthm.sty
Package: thm-amsthm 2014/04/21 v66
\thmt@style@headstyle=\toks29
))
(d:/texlive/2019/texmf-dist/tex/latex/pgf/frontendlayer/tikz.sty
(d:/texlive/2019/texmf-dist/tex/latex/pgf/basiclayer/pgf.sty
(d:/texlive/2019/texmf-dist/tex/latex/pgf/utilities/pgfrcs.sty
(d:/texlive/2019/texmf-dist/tex/generic/pgf/utilities/pgfutil-common.tex
\pgfutil@everybye=\toks30
\pgfutil@tempdima=\dimen124
\pgfutil@tempdimb=\dimen125

(d:/texlive/2019/texmf-dist/tex/generic/pgf/utilities/pgfutil-common-lists.tex)
) (d:/texlive/2019/texmf-dist/tex/generic/pgf/utilities/pgfutil-latex.def
\pgfutil@abb=\box29

(d:/texlive/2019/texmf-dist/tex/latex/ms/everyshi.sty
Package: everyshi 2001/05/15 v3.00 EveryShipout Package (MS)
))
(d:/texlive/2019/texmf-dist/tex/generic/pgf/utilities/pgfrcs.code.tex
(d:/texlive/2019/texmf-dist/tex/generic/pgf/pgf.revision.tex)
Package: pgfrcs 2019/02/02 v3.1.1 (3.1.1)
))
Package: pgf 2019/02/02 v3.1.1 (3.1.1)

(d:/texlive/2019/texmf-dist/tex/latex/pgf/basiclayer/pgfcore.sty
(d:/texlive/2019/texmf-dist/tex/latex/graphics/graphicx.sty
Package: graphicx 2017/06/01 v1.1a Enhanced LaTeX Graphics (DPC,SPQR)

(d:/texlive/2019/texmf-dist/tex/latex/graphics/graphics.sty
Package: graphics 2017/06/25 v1.2c Standard LaTeX Graphics (DPC,SPQR)

(d:/texlive/2019/texmf-dist/tex/latex/graphics/trig.sty
Package: trig 2016/01/03 v1.10 sin cos tan (DPC)
)
(d:/texlive/2019/texmf-dist/tex/latex/graphics-cfg/graphics.cfg
File: graphics.cfg 2016/06/04 v1.11 sample graphics configuration
)
Package graphics Info: Driver file: xetex.def on input line 99.

(d:/texlive/2019/texmf-dist/tex/latex/graphics-def/xetex.def
File: xetex.def 2017/06/24 v5.0h Graphics/color driver for xetex
))
\Gin@req@height=\dimen126
\Gin@req@width=\dimen127
)
(d:/texlive/2019/texmf-dist/tex/latex/pgf/systemlayer/pgfsys.sty
(d:/texlive/2019/texmf-dist/tex/generic/pgf/systemlayer/pgfsys.code.tex
Package: pgfsys 2019/02/02 v3.1.1 (3.1.1)

(d:/texlive/2019/texmf-dist/tex/generic/pgf/utilities/pgfkeys.code.tex
\pgfkeys@pathtoks=\toks31
\pgfkeys@temptoks=\toks32

(d:/texlive/2019/texmf-dist/tex/generic/pgf/utilities/pgfkeysfiltered.code.tex
\pgfkeys@tmptoks=\toks33
))
\pgf@x=\dimen128
\pgf@y=\dimen129
\pgf@xa=\dimen130
\pgf@ya=\dimen131
\pgf@xb=\dimen132
\pgf@yb=\dimen133
\pgf@xc=\dimen134
\pgf@yc=\dimen135
\w@pgf@writea=\write3
\r@pgf@reada=\read1
\c@pgf@counta=\count106
\c@pgf@countb=\count107
\c@pgf@countc=\count108
\c@pgf@countd=\count109
\t@pgf@toka=\toks34
\t@pgf@tokb=\toks35
\t@pgf@tokc=\toks36
\pgf@sys@id@count=\count110
 (d:/texlive/2019/texmf-dist/tex/generic/pgf/systemlayer/pgf.cfg
File: pgf.cfg 2019/02/02 v3.1.1 (3.1.1)
)
Driver file for pgf: pgfsys-xetex.def

(d:/texlive/2019/texmf-dist/tex/generic/pgf/systemlayer/pgfsys-xetex.def
File: pgfsys-xetex.def 2019/02/02 v3.1.1 (3.1.1)

(d:/texlive/2019/texmf-dist/tex/generic/pgf/systemlayer/pgfsys-dvipdfmx.def
File: pgfsys-dvipdfmx.def 2019/02/02 v3.1.1 (3.1.1)

(d:/texlive/2019/texmf-dist/tex/generic/pgf/systemlayer/pgfsys-common-pdf.def
File: pgfsys-common-pdf.def 2019/02/02 v3.1.1 (3.1.1)
)
\pgfsys@objnum=\count111
)))
(d:/texlive/2019/texmf-dist/tex/generic/pgf/systemlayer/pgfsyssoftpath.code.tex
File: pgfsyssoftpath.code.tex 2019/02/02 v3.1.1 (3.1.1)
\pgfsyssoftpath@smallbuffer@items=\count112
\pgfsyssoftpath@bigbuffer@items=\count113
)
(d:/texlive/2019/texmf-dist/tex/generic/pgf/systemlayer/pgfsysprotocol.code.tex
File: pgfsysprotocol.code.tex 2019/02/02 v3.1.1 (3.1.1)
)) (d:/texlive/2019/texmf-dist/tex/latex/xcolor/xcolor.sty
Package: xcolor 2016/05/11 v2.12 LaTeX color extensions (UK)

(d:/texlive/2019/texmf-dist/tex/latex/graphics-cfg/color.cfg
File: color.cfg 2016/01/02 v1.6 sample color configuration
)
Package xcolor Info: Driver file: xetex.def on input line 225.
Package xcolor Info: Model `cmy' substituted by `cmy0' on input line 1348.
Package xcolor Info: Model `RGB' extended on input line 1364.
Package xcolor Info: Model `HTML' substituted by `rgb' on input line 1366.
Package xcolor Info: Model `Hsb' substituted by `hsb' on input line 1367.
Package xcolor Info: Model `tHsb' substituted by `hsb' on input line 1368.
Package xcolor Info: Model `HSB' substituted by `hsb' on input line 1369.
Package xcolor Info: Model `Gray' substituted by `gray' on input line 1370.
Package xcolor Info: Model `wave' substituted by `hsb' on input line 1371.
)
(d:/texlive/2019/texmf-dist/tex/generic/pgf/basiclayer/pgfcore.code.tex
Package: pgfcore 2019/02/02 v3.1.1 (3.1.1)

(d:/texlive/2019/texmf-dist/tex/generic/pgf/math/pgfmath.code.tex
(d:/texlive/2019/texmf-dist/tex/generic/pgf/math/pgfmathcalc.code.tex
(d:/texlive/2019/texmf-dist/tex/generic/pgf/math/pgfmathutil.code.tex)
(d:/texlive/2019/texmf-dist/tex/generic/pgf/math/pgfmathparser.code.tex
\pgfmath@dimen=\dimen136
\pgfmath@count=\count114
\pgfmath@box=\box30
\pgfmath@toks=\toks37
\pgfmath@stack@operand=\toks38
\pgfmath@stack@operation=\toks39
)
(d:/texlive/2019/texmf-dist/tex/generic/pgf/math/pgfmathfunctions.code.tex
(d:/texlive/2019/texmf-dist/tex/generic/pgf/math/pgfmathfunctions.basic.code.te
x)
(d:/texlive/2019/texmf-dist/tex/generic/pgf/math/pgfmathfunctions.trigonometric
.code.tex)
(d:/texlive/2019/texmf-dist/tex/generic/pgf/math/pgfmathfunctions.random.code.t
ex)
(d:/texlive/2019/texmf-dist/tex/generic/pgf/math/pgfmathfunctions.comparison.co
de.tex)
(d:/texlive/2019/texmf-dist/tex/generic/pgf/math/pgfmathfunctions.base.code.tex
)
(d:/texlive/2019/texmf-dist/tex/generic/pgf/math/pgfmathfunctions.round.code.te
x)
(d:/texlive/2019/texmf-dist/tex/generic/pgf/math/pgfmathfunctions.misc.code.tex
)
(d:/texlive/2019/texmf-dist/tex/generic/pgf/math/pgfmathfunctions.integerarithm
etics.code.tex)))
(d:/texlive/2019/texmf-dist/tex/generic/pgf/math/pgfmathfloat.code.tex
\c@pgfmathroundto@lastzeros=\count115
))
(d:/texlive/2019/texmf-dist/tex/generic/pgf/basiclayer/pgfcorepoints.code.tex
File: pgfcorepoints.code.tex 2019/02/02 v3.1.1 (3.1.1)
\pgf@picminx=\dimen137
\pgf@picmaxx=\dimen138
\pgf@picminy=\dimen139
\pgf@picmaxy=\dimen140
\pgf@pathminx=\dimen141
\pgf@pathmaxx=\dimen142
\pgf@pathminy=\dimen143
\pgf@pathmaxy=\dimen144
\pgf@xx=\dimen145
\pgf@xy=\dimen146
\pgf@yx=\dimen147
\pgf@yy=\dimen148
\pgf@zx=\dimen149
\pgf@zy=\dimen150
)
(d:/texlive/2019/texmf-dist/tex/generic/pgf/basiclayer/pgfcorepathconstruct.cod
e.tex
File: pgfcorepathconstruct.code.tex 2019/02/02 v3.1.1 (3.1.1)
\pgf@path@lastx=\dimen151
\pgf@path@lasty=\dimen152
)
(d:/texlive/2019/texmf-dist/tex/generic/pgf/basiclayer/pgfcorepathusage.code.te
x
File: pgfcorepathusage.code.tex 2019/02/02 v3.1.1 (3.1.1)
\pgf@shorten@end@additional=\dimen153
\pgf@shorten@start@additional=\dimen154
)
(d:/texlive/2019/texmf-dist/tex/generic/pgf/basiclayer/pgfcorescopes.code.tex
File: pgfcorescopes.code.tex 2019/02/02 v3.1.1 (3.1.1)
\pgfpic=\box31
\pgf@hbox=\box32
\pgf@layerbox@main=\box33
\pgf@picture@serial@count=\count116
)
(d:/texlive/2019/texmf-dist/tex/generic/pgf/basiclayer/pgfcoregraphicstate.code
.tex
File: pgfcoregraphicstate.code.tex 2019/02/02 v3.1.1 (3.1.1)
\pgflinewidth=\dimen155
)
(d:/texlive/2019/texmf-dist/tex/generic/pgf/basiclayer/pgfcoretransformations.c
ode.tex
File: pgfcoretransformations.code.tex 2019/02/02 v3.1.1 (3.1.1)
\pgf@pt@x=\dimen156
\pgf@pt@y=\dimen157
\pgf@pt@temp=\dimen158
)
(d:/texlive/2019/texmf-dist/tex/generic/pgf/basiclayer/pgfcorequick.code.tex
File: pgfcorequick.code.tex 2019/02/02 v3.1.1 (3.1.1)
)
(d:/texlive/2019/texmf-dist/tex/generic/pgf/basiclayer/pgfcoreobjects.code.tex
File: pgfcoreobjects.code.tex 2019/02/02 v3.1.1 (3.1.1)
)
(d:/texlive/2019/texmf-dist/tex/generic/pgf/basiclayer/pgfcorepathprocessing.co
de.tex
File: pgfcorepathprocessing.code.tex 2019/02/02 v3.1.1 (3.1.1)
)
(d:/texlive/2019/texmf-dist/tex/generic/pgf/basiclayer/pgfcorearrows.code.tex
File: pgfcorearrows.code.tex 2019/02/02 v3.1.1 (3.1.1)
\pgfarrowsep=\dimen159
)
(d:/texlive/2019/texmf-dist/tex/generic/pgf/basiclayer/pgfcoreshade.code.tex
File: pgfcoreshade.code.tex 2019/02/02 v3.1.1 (3.1.1)
\pgf@max=\dimen160
\pgf@sys@shading@range@num=\count117
)
(d:/texlive/2019/texmf-dist/tex/generic/pgf/basiclayer/pgfcoreimage.code.tex
File: pgfcoreimage.code.tex 2019/02/02 v3.1.1 (3.1.1)

(d:/texlive/2019/texmf-dist/tex/generic/pgf/basiclayer/pgfcoreexternal.code.tex
File: pgfcoreexternal.code.tex 2019/02/02 v3.1.1 (3.1.1)
\pgfexternal@startupbox=\box34
))
(d:/texlive/2019/texmf-dist/tex/generic/pgf/basiclayer/pgfcorelayers.code.tex
File: pgfcorelayers.code.tex 2019/02/02 v3.1.1 (3.1.1)
)
(d:/texlive/2019/texmf-dist/tex/generic/pgf/basiclayer/pgfcoretransparency.code
.tex
File: pgfcoretransparency.code.tex 2019/02/02 v3.1.1 (3.1.1)
)
(d:/texlive/2019/texmf-dist/tex/generic/pgf/basiclayer/pgfcorepatterns.code.tex
File: pgfcorepatterns.code.tex 2019/02/02 v3.1.1 (3.1.1)
) (d:/texlive/2019/texmf-dist/tex/generic/pgf/basiclayer/pgfcorerdf.code.tex
File: pgfcorerdf.code.tex 2019/02/02 v3.1.1 (3.1.1)
))) (d:/texlive/2019/texmf-dist/tex/generic/pgf/modules/pgfmoduleshapes.code.te
x
File: pgfmoduleshapes.code.tex 2019/02/02 v3.1.1 (3.1.1)
\pgfnodeparttextbox=\box35
)
(d:/texlive/2019/texmf-dist/tex/generic/pgf/modules/pgfmoduleplot.code.tex
File: pgfmoduleplot.code.tex 2019/02/02 v3.1.1 (3.1.1)
)
(d:/texlive/2019/texmf-dist/tex/latex/pgf/compatibility/pgfcomp-version-0-65.st
y
Package: pgfcomp-version-0-65 2019/02/02 v3.1.1 (3.1.1)
\pgf@nodesepstart=\dimen161
\pgf@nodesepend=\dimen162
)
(d:/texlive/2019/texmf-dist/tex/latex/pgf/compatibility/pgfcomp-version-1-18.st
y
Package: pgfcomp-version-1-18 2019/02/02 v3.1.1 (3.1.1)
)) (d:/texlive/2019/texmf-dist/tex/latex/pgf/utilities/pgffor.sty
(d:/texlive/2019/texmf-dist/tex/latex/pgf/utilities/pgfkeys.sty
(d:/texlive/2019/texmf-dist/tex/generic/pgf/utilities/pgfkeys.code.tex))
(d:/texlive/2019/texmf-dist/tex/latex/pgf/math/pgfmath.sty
(d:/texlive/2019/texmf-dist/tex/generic/pgf/math/pgfmath.code.tex))
(d:/texlive/2019/texmf-dist/tex/generic/pgf/utilities/pgffor.code.tex
Package: pgffor 2019/02/02 v3.1.1 (3.1.1)

(d:/texlive/2019/texmf-dist/tex/generic/pgf/math/pgfmath.code.tex)
\pgffor@iter=\dimen163
\pgffor@skip=\dimen164
\pgffor@stack=\toks40
\pgffor@toks=\toks41
))
(d:/texlive/2019/texmf-dist/tex/generic/pgf/frontendlayer/tikz/tikz.code.tex
Package: tikz 2019/02/02 v3.1.1 (3.1.1)

(d:/texlive/2019/texmf-dist/tex/generic/pgf/libraries/pgflibraryplothandlers.co
de.tex
File: pgflibraryplothandlers.code.tex 2019/02/02 v3.1.1 (3.1.1)
\pgf@plot@mark@count=\count118
\pgfplotmarksize=\dimen165
)
\tikz@lastx=\dimen166
\tikz@lasty=\dimen167
\tikz@lastxsaved=\dimen168
\tikz@lastysaved=\dimen169
\tikzleveldistance=\dimen170
\tikzsiblingdistance=\dimen171
\tikz@figbox=\box36
\tikz@figbox@bg=\box37
\tikz@tempbox=\box38
\tikz@tempbox@bg=\box39
\tikztreelevel=\count119
\tikznumberofchildren=\count120
\tikznumberofcurrentchild=\count121
\tikz@fig@count=\count122

(d:/texlive/2019/texmf-dist/tex/generic/pgf/modules/pgfmodulematrix.code.tex
File: pgfmodulematrix.code.tex 2019/02/02 v3.1.1 (3.1.1)
\pgfmatrixcurrentrow=\count123
\pgfmatrixcurrentcolumn=\count124
\pgf@matrix@numberofcolumns=\count125
)
\tikz@expandcount=\count126

(d:/texlive/2019/texmf-dist/tex/generic/pgf/frontendlayer/tikz/libraries/tikzli
brarytopaths.code.tex
File: tikzlibrarytopaths.code.tex 2019/02/02 v3.1.1 (3.1.1)
)))
(d:/texlive/2019/texmf-dist/tex/generic/pgf/frontendlayer/tikz/libraries/tikzli
brarycalc.code.tex
File: tikzlibrarycalc.code.tex 2019/02/02 v3.1.1 (3.1.1)
) (d:/texlive/2019/texmf-dist/tex/latex/braket/braket.sty)
(d:/texlive/2019/texmf-dist/tex/latex/physics/physics.sty
Package: physics 

(d:/texlive/2019/texmf-dist/tex/latex/l3packages/xparse/xparse.sty
(d:/texlive/2019/texmf-dist/tex/latex/l3kernel/expl3.sty
Package: expl3 2019-04-06 L3 programming layer (loader) 

(d:/texlive/2019/texmf-dist/tex/latex/l3kernel/expl3-code.tex
Package: expl3 2019-04-06 L3 programming layer (code)
\c_max_int=\count127
\l_tmpa_int=\count128
\l_tmpb_int=\count129
\g_tmpa_int=\count130
\g_tmpb_int=\count131
\g__kernel_prg_map_int=\count132
\c__ior_term_ior=\count133
\c_log_iow=\count134
\l_iow_line_count_int=\count135
\l__iow_line_target_int=\count136
\l__iow_one_indent_int=\count137
\l__iow_indent_int=\count138
\c_zero_dim=\dimen172
\c_max_dim=\dimen173
\l_tmpa_dim=\dimen174
\l_tmpb_dim=\dimen175
\g_tmpa_dim=\dimen176
\g_tmpb_dim=\dimen177
\c_zero_skip=\skip53
\c_max_skip=\skip54
\l_tmpa_skip=\skip55
\l_tmpb_skip=\skip56
\g_tmpa_skip=\skip57
\g_tmpb_skip=\skip58
\c_zero_muskip=\muskip11
\c_max_muskip=\muskip12
\l_tmpa_muskip=\muskip13
\l_tmpb_muskip=\muskip14
\g_tmpa_muskip=\muskip15
\g_tmpb_muskip=\muskip16
\l_keys_choice_int=\count139
\l__intarray_loop_int=\count140
\c__intarray_sp_dim=\dimen178
\g__intarray_font_int=\count141
\c__fp_leading_shift_int=\count142
\c__fp_middle_shift_int=\count143
\c__fp_trailing_shift_int=\count144
\c__fp_big_leading_shift_int=\count145
\c__fp_big_middle_shift_int=\count146
\c__fp_big_trailing_shift_int=\count147
\c__fp_Bigg_leading_shift_int=\count148
\c__fp_Bigg_middle_shift_int=\count149
\c__fp_Bigg_trailing_shift_int=\count150
\g__fp_array_int=\count151
\l__fp_array_loop_int=\count152
\l__sort_length_int=\count153
\l__sort_min_int=\count154
\l__sort_top_int=\count155
\l__sort_max_int=\count156
\l__sort_true_max_int=\count157
\l__sort_block_int=\count158
\l__sort_begin_int=\count159
\l__sort_end_int=\count160
\l__sort_A_int=\count161
\l__sort_B_int=\count162
\l__sort_C_int=\count163
\l__tl_analysis_normal_int=\count164
\l__tl_analysis_index_int=\count165
\l__tl_analysis_nesting_int=\count166
\l__tl_analysis_type_int=\count167
\l__regex_internal_a_int=\count168
\l__regex_internal_b_int=\count169
\l__regex_internal_c_int=\count170
\l__regex_balance_int=\count171
\l__regex_group_level_int=\count172
\l__regex_mode_int=\count173
\c__regex_cs_in_class_mode_int=\count174
\c__regex_cs_mode_int=\count175
\l__regex_catcodes_int=\count176
\l__regex_default_catcodes_int=\count177
\c__regex_catcode_L_int=\count178
\c__regex_catcode_O_int=\count179
\c__regex_catcode_A_int=\count180
\c__regex_all_catcodes_int=\count181
\l__regex_show_lines_int=\count182
\l__regex_min_state_int=\count183
\l__regex_max_state_int=\count184
\l__regex_left_state_int=\count185
\l__regex_right_state_int=\count186
\l__regex_capturing_group_int=\count187
\l__regex_min_pos_int=\count188
\l__regex_max_pos_int=\count189
\l__regex_curr_pos_int=\count190
\l__regex_start_pos_int=\count191
\l__regex_success_pos_int=\count192
\l__regex_curr_char_int=\count193
\l__regex_curr_catcode_int=\count194
\l__regex_last_char_int=\count195
\l__regex_case_changed_char_int=\count196
\l__regex_curr_state_int=\count197
\l__regex_step_int=\count198
\l__regex_min_active_int=\count199
\l__regex_max_active_int=\count266
\l__regex_replacement_csnames_int=\count267
\l__regex_match_count_int=\count268
\l__regex_min_submatch_int=\count269
\l__regex_submatch_int=\count270
\l__regex_zeroth_submatch_int=\count271
\g__regex_trace_regex_int=\count272
\c_empty_box=\box40
\l_tmpa_box=\box41
\l_tmpb_box=\box42
\g_tmpa_box=\box43
\g_tmpb_box=\box44
\l__box_top_dim=\dimen179
\l__box_bottom_dim=\dimen180
\l__box_left_dim=\dimen181
\l__box_right_dim=\dimen182
\l__box_top_new_dim=\dimen183
\l__box_bottom_new_dim=\dimen184
\l__box_left_new_dim=\dimen185
\l__box_right_new_dim=\dimen186
\l__box_internal_box=\box45
\l__coffin_internal_box=\box46
\l__coffin_internal_dim=\dimen187
\l__coffin_offset_x_dim=\dimen188
\l__coffin_offset_y_dim=\dimen189
\l__coffin_x_dim=\dimen190
\l__coffin_y_dim=\dimen191
\l__coffin_x_prime_dim=\dimen192
\l__coffin_y_prime_dim=\dimen193
\c_empty_coffin=\box47
\l__coffin_aligned_coffin=\box48
\l__coffin_aligned_internal_coffin=\box49
\l_tmpa_coffin=\box50
\l_tmpb_coffin=\box51
\g_tmpa_coffin=\box52
\g_tmpb_coffin=\box53
\l__coffin_bounding_shift_dim=\dimen194
\l__coffin_left_corner_dim=\dimen195
\l__coffin_right_corner_dim=\dimen196
\l__coffin_bottom_corner_dim=\dimen197
\l__coffin_top_corner_dim=\dimen198
\l__coffin_scaled_total_height_dim=\dimen199
\l__coffin_scaled_width_dim=\dimen256
\c__coffin_empty_coffin=\box54
\l__coffin_display_coffin=\box55
\l__coffin_display_coord_coffin=\box56
\l__coffin_display_pole_coffin=\box57
\l__coffin_display_offset_dim=\dimen257
\l__coffin_display_x_dim=\dimen258
\l__coffin_display_y_dim=\dimen259
\g__file_internal_ior=\read2
\l__seq_internal_a_int=\count273
\l__seq_internal_b_int=\count274
\c__deprecation_minus_one=\count275
)
(d:/texlive/2019/texmf-dist/tex/latex/l3kernel/l3xdvipdfmx.def
File: l3xdvipdfmx.def 2019-04-06 v L3 Experimental driver: xdvipdfmx
\g__driver_image_int=\count276
\g__driver_pdf_object_int=\count277
))
Package: xparse 2019-03-05 L3 Experimental document command parser
\l__xparse_current_arg_int=\count278
\g__xparse_grabber_int=\count279
\l__xparse_m_args_int=\count280
\l__xparse_v_nesting_int=\count281
))
(d:/texlive/2019/texmf-dist/tex/latex/geometry/geometry.sty
Package: geometry 2018/04/16 v5.8 Page Geometry

(d:/texlive/2019/texmf-dist/tex/generic/oberdiek/ifpdf.sty
Package: ifpdf 2018/09/07 v3.3 Provides the ifpdf switch
)
(d:/texlive/2019/texmf-dist/tex/generic/oberdiek/ifvtex.sty
Package: ifvtex 2016/05/16 v1.6 Detect VTeX and its facilities (HO)
Package ifvtex Info: VTeX not detected.
)
(d:/texlive/2019/texmf-dist/tex/generic/ifxetex/ifxetex.sty
Package: ifxetex 2010/09/12 v0.6 Provides ifxetex conditional
)
\Gm@cnth=\count282
\Gm@cntv=\count283
\c@Gm@tempcnt=\count284
\Gm@bindingoffset=\dimen260
\Gm@wd@mp=\dimen261
\Gm@odd@mp=\dimen262
\Gm@even@mp=\dimen263
\Gm@layoutwidth=\dimen264
\Gm@layoutheight=\dimen265
\Gm@layouthoffset=\dimen266
\Gm@layoutvoffset=\dimen267
\Gm@dimlist=\toks42
)
(d:/texlive/2019/texmf-dist/tex/latex/fancyhdr/fancyhdr.sty
Package: fancyhdr 2019/01/31 v3.10 Extensive control of page headers and footer
s
\f@nch@headwidth=\skip59
\f@nch@O@elh=\skip60
\f@nch@O@erh=\skip61
\f@nch@O@olh=\skip62
\f@nch@O@orh=\skip63
\f@nch@O@elf=\skip64
\f@nch@O@erf=\skip65
\f@nch@O@olf=\skip66
\f@nch@O@orf=\skip67
)
(d:/texlive/2019/texmf-dist/tex/latex/base/inputenc.sty
Package: inputenc 2018/08/11 v1.3c Input encoding file
\inpenc@prehook=\toks43
\inpenc@posthook=\toks44


Package inputenc Warning: inputenc package ignored with utf8 based engines.

) (d:/texlive/2019/texmf-dist/tex/latex/colortbl/colortbl.sty
Package: colortbl 2018/12/12 v1.0d Color table columns (DPC)

(d:/texlive/2019/texmf-dist/tex/latex/tools/array.sty
Package: array 2018/12/30 v2.4k Tabular extension package (FMi)
\col@sep=\dimen268
\ar@mcellbox=\box58
\extrarowheight=\dimen269
\NC@list=\toks45
\extratabsurround=\skip68
\backup@length=\skip69
\ar@cellbox=\box59
)
\everycr=\toks46
\minrowclearance=\skip70
)
(d:/texlive/2019/texmf-dist/tex/latex/arydshln/arydshln.sty
Package: arydshln 2019/02/21 v1.76 
\dashlinedash=\dimen270
\dashlinegap=\dimen271
\adl@box=\box60
\adl@height=\dimen272
\adl@heightsave=\dimen273
\adl@depth=\dimen274
\adl@depthsave=\dimen275
\adl@finaldepth=\dimen276
\adl@columns=\count285
\adl@ncol=\count286
\adl@currentcolumn=\count287
\adl@currentcolumnsave=\count288
\adl@totalheight=\count289
\adl@totalheightsave=\count290
\adl@dash=\count291
\adl@gap=\count292
\adl@cla=\count293
\adl@clb=\count294
\adl@everyvbox=\toks47
\adl@LTpagetotal=\dimen277
)
(d:/texlive/2019/texmf-dist/tex/latex/multirow/multirow.sty
Package: multirow 2019/01/01 v2.4 Span multiple rows of a table
\multirow@colwidth=\skip71
\multirow@cntb=\count295
\multirow@dima=\skip72
\bigstrutjot=\dimen278
)
(d:/texlive/2019/texmf-dist/tex/latex/multirow/bigdelim.sty
Package: bigdelim 2019/01/01 v2.4 Create big delimiters in tabular or array
)
(d:/texlive/2019/texmf-dist/tex/latex/booktabs/booktabs.sty
Package: booktabs 2016/04/27 v1.618033 publication quality tables
\heavyrulewidth=\dimen279
\lightrulewidth=\dimen280
\cmidrulewidth=\dimen281
\belowrulesep=\dimen282
\belowbottomsep=\dimen283
\aboverulesep=\dimen284
\abovetopsep=\dimen285
\cmidrulesep=\dimen286
\cmidrulekern=\dimen287
\defaultaddspace=\dimen288
\@cmidla=\count296
\@cmidlb=\count297
\@aboverulesep=\dimen289
\@belowrulesep=\dimen290
\@thisruleclass=\count298
\@lastruleclass=\count299
\@thisrulewidth=\dimen291
)
(d:/texlive/2019/texmf-dist/tex/latex/oberdiek/zref-perpage.sty
Package: zref-perpage 2018/11/21 v2.27 Module perpage for zref (HO)

(d:/texlive/2019/texmf-dist/tex/latex/oberdiek/zref-base.sty
Package: zref-base 2018/11/21 v2.27 Module base for zref (HO)

(d:/texlive/2019/texmf-dist/tex/generic/oberdiek/ltxcmds.sty
Package: ltxcmds 2016/05/16 v1.23 LaTeX kernel commands for general use (HO)
)
(d:/texlive/2019/texmf-dist/tex/generic/oberdiek/kvdefinekeys.sty
Package: kvdefinekeys 2016/05/16 v1.4 Define keys (HO)
)
(d:/texlive/2019/texmf-dist/tex/generic/oberdiek/pdftexcmds.sty
Package: pdftexcmds 2018/09/10 v0.29 Utility functions of pdfTeX for LuaTeX (HO
)
Package pdftexcmds Info: LuaTeX not detected.
Package pdftexcmds Info: pdfTeX >= 1.30 not detected.
Package pdftexcmds Info: \pdf@primitive is available.
Package pdftexcmds Info: \pdf@ifprimitive is available.
Package pdftexcmds Info: \pdfdraftmode not found.
)
(d:/texlive/2019/texmf-dist/tex/latex/oberdiek/auxhook.sty
Package: auxhook 2016/05/16 v1.4 Hooks for auxiliary files (HO)
)
Package zref Info: New property list: main on input line 759.
Package zref Info: New property: default on input line 760.
Package zref Info: New property: page on input line 761.
)
(d:/texlive/2019/texmf-dist/tex/latex/oberdiek/zref-abspage.sty
Package: zref-abspage 2018/11/21 v2.27 Module abspage for zref (HO)

(d:/texlive/2019/texmf-dist/tex/generic/oberdiek/atbegshi.sty
Package: atbegshi 2016/06/09 v1.18 At begin shipout hook (HO)
)
\c@abspage=\count300
Package zref Info: New property: abspage on input line 62.
)
Package zref Info: New property: pagevalue on input line 54.
Package zref Info: New property list: perpage on input line 55.
\c@zpage=\count301
\c@zref@unique=\count302
)
(d:/texlive/2019/texmf-dist/tex/xelatex/xepersian/xepersian.sty
Package: xepersian 2019/03/03 v22.6 Persian typesetting in XeLaTeX

(d:/texlive/2019/texmf-dist/tex/latex/fontspec/fontspec.sty
Package: fontspec 2019/03/15 v2.7c Font selection for XeLaTeX and LuaLaTeX

(d:/texlive/2019/texmf-dist/tex/latex/fontspec/fontspec-xetex.sty
Package: fontspec-xetex 2019/03/15 v2.7c Font selection for XeLaTeX and LuaLaTe
X
\l__fontspec_script_int=\count303
\l__fontspec_language_int=\count304
\l__fontspec_strnum_int=\count305
\l__fontspec_tmp_int=\count306
\l__fontspec_tmpa_int=\count307
\l__fontspec_tmpb_int=\count308
\l__fontspec_tmpc_int=\count309
\l__fontspec_em_int=\count310
\l__fontspec_emdef_int=\count311
\l__fontspec_strong_int=\count312
\l__fontspec_strongdef_int=\count313
\l__fontspec_tmpa_dim=\dimen292
\l__fontspec_tmpb_dim=\dimen293
\l__fontspec_tmpc_dim=\dimen294

(d:/texlive/2019/texmf-dist/tex/latex/base/fontenc.sty
Package: fontenc 2018/08/11 v2.0j Standard LaTeX package

(d:/texlive/2019/texmf-dist/tex/latex/base/tuenc.def
File: tuenc.def 2018/08/11 v2.0j Standard LaTeX file
LaTeX Font Info:    Redeclaring font encoding TU on input line 82.
))
(d:/texlive/2019/texmf-dist/tex/latex/fontspec/fontspec.cfg)
LaTeX Info: Redefining \itshape on input line 4051.
LaTeX Info: Redefining \slshape on input line 4056.
LaTeX Info: Redefining \scshape on input line 4061.
LaTeX Info: Redefining \upshape on input line 4066.
LaTeX Info: Redefining \em on input line 4096.
LaTeX Info: Redefining \emph on input line 4121.
))
(d:/texlive/2019/texmf-dist/tex/xelatex/xepersian/xepersian-persiancal.sty
Package: xepersian-persiancal 2012/07/25 v0.2 provides Persian calendar
\XePersian@i=\count314
\XePersian@y=\count315
\XePersian@m=\count316
\XePersian@d=\count317
\XePersian@latini=\count318
\XePersian@persiani=\count319
\XePersian@latinii=\count320
\XePersian@persianii=\count321
\XePersian@latiniii=\count322
\XePersian@persianiii=\count323
\XePersian@latiniv=\count324
\XePersian@persianiv=\count325
\XePersian@latinv=\count326
\XePersian@persianv=\count327
\XePersian@latinvi=\count328
\XePersian@persianvi=\count329
\XePersian@latinvii=\count330
\XePersian@persianvii=\count331
\XePersian@latinviii=\count332
\XePersian@persianviii=\count333
\XePersian@latinix=\count334
\XePersian@persianix=\count335
\XePersian@latinx=\count336
\XePersian@persianx=\count337
\XePersian@latinxi=\count338
\XePersian@persianxi=\count339
\XePersian@latinxii=\count340
\XePersian@persianxii=\count341
\XePersian@persianxiii=\count342
\XePersian@temp=\count343
\XePersian@temptwo=\count344
\XePersian@tempthree=\count345
\XePersian@yModHundred=\count346
\XePersian@thirtytwo=\count347
\XePersian@dn=\count348
\XePersian@sn=\count349
\XePersian@mminusone=\count350
)
(d:/texlive/2019/texmf-dist/tex/xelatex/xepersian/xepersian-mathsdigitspec.sty
Package: xepersian-mathsdigitspec 2018/12/16 v1.1.7 Unicode Persian maths digit
s in XeLaTeX
) (d:/texlive/2019/texmf-dist/tex/xelatex/bidi/bidi.sty
Package: bidi 2019/03/03 v35.7 Bidirectional typesetting in plain TeX and LaTeX


****************************************************
* 
* bidi package (Bidirectional typesetting in
* plain TeX and LaTeX, using XeTeX engine)
* 
* Description: A convenient interface for
* typesetting bidirectional texts in plain TeX
* and LaTeX. The package includes adaptations
* for use with many other commonly-used packages.
* 
* Copyright (c) 2009--2019 Vafa Khalighi
* 
* v35.7, 2019/03/03
* 
* License: LaTeX Project Public License, version
* 1.3c or higher (your choice)
* 
* Location on CTAN: /macros/xetex/latex/bidi
* 
* Issue tracker: https://github.com/vafa-ac/bidi/issues
* 
****************************************************
(d:/texlive/2019/texmf-dist/tex/generic/iftex/iftex.sty
Package: iftex 2013/04/04 v0.2 Provides if(tex) conditional for PDFTeX, XeTeX, 
and LuaTeX
)
(d:/texlive/2019/texmf-dist/tex/xelatex/bidi/biditools.sty
Package: biditools 2018/12/11 v1.9 Programming tools for bidi package
\@bidi@envbody=\toks48
\@bidi@emptytoks=\toks49
\bidi@tempcountb=\count351
\bidi@temptoksa=\toks50
\bidi@temptoksb=\toks51
\bidi@dummies=\count352
\bidi@are@these@correct=\toks52
\bidi@toks@lista=\toks53
\bidi@toks@listb=\toks54
\bidi@stack@length=\count353
\bidi@empty@stack=\toks55
\bidi@looprepeat@depth=\count354
)
(d:/texlive/2019/texmf-dist/tex/latex/xkeyval/xkeyval.sty
Package: xkeyval 2014/12/03 v2.7a package option processing (HA)

(d:/texlive/2019/texmf-dist/tex/generic/xkeyval/xkeyval.tex
(d:/texlive/2019/texmf-dist/tex/generic/xkeyval/xkvutils.tex
\XKV@toks=\toks56
\XKV@tempa@toks=\toks57
)
\XKV@depth=\count355
File: xkeyval.tex 2014/12/03 v2.7a key=value parser (HA)
))
\@bidi@copyins@=\insert252

(d:/texlive/2019/texmf-dist/tex/xelatex/bidi/latex-xetex-bidi.def
File: latex-xetex-bidi.def 2019/03/03 v1.3.7 bidi adaptations for `latex.ltx' f
or XeTeX engine
\bidi@n@everypar=\toks58
\bidi@column@check@number=\count356

(d:/texlive/2019/texmf-dist/tex/xelatex/bidi/footnote-xetex-bidi.def
File: footnote-xetex-bidi.def 2017/08/09 v1.1 bidi footnote macros for XeTeX en
gine
\c@footdir@label=\count357
\footdir@toks=\toks59
)
(d:/texlive/2019/texmf-dist/tex/xelatex/bidi/book-xetex-bidi.def
File: book-xetex-bidi.def 2017/06/09 v1.0 bidi adaptations for standard book cl
ass for XeTeX engine
)
(d:/texlive/2019/texmf-dist/tex/xelatex/bidi/mathtools-xetex-bidi.def
File: mathtools-xetex-bidi.def 2018/01/07 v0.1 bidi adaptations for mathtools p
ackage for XeTeX engine
)
(d:/texlive/2019/texmf-dist/tex/xelatex/bidi/amsmath-xetex-bidi.def
File: amsmath-xetex-bidi.def 2018/01/08 v1.1 bidi adaptations for amsmath packa
ge for XeTeX engine
)
(d:/texlive/2019/texmf-dist/tex/xelatex/bidi/amstext-xetex-bidi.def
File: amstext-xetex-bidi.def 2016/09/12 v0.2 bidi adaptations for amstext packa
ge for XeTeX engine
)
(d:/texlive/2019/texmf-dist/tex/xelatex/bidi/amsthm-xetex-bidi.def
File: amsthm-xetex-bidi.def 2010/07/25 v0.1 bidi adaptations for amsthm package
 for XeTeX engine
)
(d:/texlive/2019/texmf-dist/tex/xelatex/bidi/color-xetex-bidi.def
File: color-xetex-bidi.def 2013/04/08 v0.2 bidi adaptations for color package f
or XeTeX engine
LaTeX Info: Redefining \color on input line 46.
)
(d:/texlive/2019/texmf-dist/tex/xelatex/bidi/xcolor-xetex-bidi.def
File: xcolor-xetex-bidi.def 2013/04/08 v0.2 bidi adaptations for xcolor package
 for XeTeX engine
LaTeX Info: Redefining \color on input line 45.
LaTeX Info: Redefining \bidicolor on input line 88.
)
(d:/texlive/2019/texmf-dist/tex/xelatex/bidi/colortbl-xetex-bidi.def
File: colortbl-xetex-bidi.def 2012/06/10 v0.2 bidi adaptations for colortbl pac
kage for XeTeX engine
)
(d:/texlive/2019/texmf-dist/tex/xelatex/bidi/graphicx-xetex-bidi.def
File: graphicx-xetex-bidi.def 2017/06/17 v0.5 bidi adaptations for graphicx pac
kage for XeTeX engine
)
(d:/texlive/2019/texmf-dist/tex/xelatex/bidi/geometry-xetex-bidi.def
File: geometry-xetex-bidi.def 2017/01/14 v0.2 bidi adaptations for geometry pac
kage for XeTeX engine
)
(d:/texlive/2019/texmf-dist/tex/xelatex/bidi/fancyhdr-xetex-bidi.def
File: fancyhdr-xetex-bidi.def 2018/02/15 v0.7 bidi adaptations for fancyhdr pac
kage for XeTeX engine
)
(d:/texlive/2019/texmf-dist/tex/xelatex/bidi/pgfcorescopes.code-xetex-bidi.def
File: pgfcorescopes.code-xetex-bidi.def 2015/11/14 v0.1 bidi adaptations for pg
f package for XeTeX engine
) (d:/texlive/2019/texmf-dist/tex/xelatex/bidi/array-xetex-bidi.def
File: array-xetex-bidi.def 2015/11/07 v0.3 bidi adaptations for array package f
or XeTeX engine
)
(d:/texlive/2019/texmf-dist/tex/xelatex/bidi/arydshln-xetex-bidi.def
File: arydshln-xetex-bidi.def 2010/08/01 v0.2 bidi adaptations for arydshln pac
kage for XeTeX engine
))
(d:/texlive/2019/texmf-dist/tex/xelatex/bidi/loadingorder-xetex-bidi.def
File: loadingorder-xetex-bidi.def 2017/12/29 v0.97 making sure that bidi is the
 last package loaded
)
\bidi@digits=\count358
\bidi@digits@charclass=\XeTeXcharclass1
\bidi@sepmark@charclass=\XeTeXcharclass2
)
****************************************************
* 
* xepersian package (Persian for LaTeX, using XeTeX engine)
* 
* Description: The package supports Persian
* typesetting, using fonts provided in the
* distribution.
* 
* Copyright (c) 2008--2019 Vafa Khalighi
* 
* v22.6, 2019/03/03
* 
* License: LaTeX Project Public License, version
* 1.3c or higher (your choice)
* 
* Location on CTAN: /macros/xetex/latex/xepersian
* 
* Issue tracker: https://github.com/vafa-ac/xepersian/issues
* 
****************************************************
\xepersian@tcl=\count359
\xepersian@ilg=\dimen295
\xepersian@strutilg=\dimen296
(d:/texlive/2019/texmf-dist/tex/xelatex/xepersian/loadingorder-xepersian.def
File: loadingorder-xepersian.def 2018/09/29 v0.5 making sure that xepersian is 
the last package loaded
)
(d:/texlive/2019/texmf-dist/tex/xelatex/xepersian/footnote-xepersian.def
File: footnote-xepersian.def 2017/08/09 v0.6 footnote macros for xepersian pack
age
)
(d:/texlive/2019/texmf-dist/tex/xelatex/xepersian/tikz.code-xepersian.def
File: tikz.code-xepersian.def 2018/12/11 v0.1 adaptations for tikz.code.tex fil
e
)
(d:/texlive/2019/texmf-dist/tex/xelatex/xepersian/book-xepersian.def
File: book-xepersian.def 2010/07/25 v0.2 adaptations for standard book class
)
(d:/texlive/2019/texmf-dist/tex/xelatex/bidi/extrafootnotefeatures-xetex-bidi.d
ef
File: extrafootnotefeatures-xetex-bidi.def 2018/10/11 v1.7 bidi extra footnote 
features for XeTeX engine
\footmarkwidth=\skip73
\footinsdim=\skip74
\footinsv@r=\insert251
\footinsv@l=\insert250
\@mpfootinsv@r=\insert249
\@mpfootinsv@l=\insert248
\m@m@k=\count360
\m@m@h=\dimen297
\m@mipn@skip=\skip75
)
(d:/texlive/2019/texmf-dist/tex/xelatex/xepersian/extrafootnotefeatures-xepersi
an.def
File: extrafootnotefeatures-xepersian.def 2012/01/01 v0.2 footnote macros for e
xtrafootnotefeatures option of xepersian package
)
(d:/texlive/2019/texmf-dist/tex/xelatex/xepersian/fontspec-xepersian.def
File: fontspec-xepersian.def 2018/12/14 v0.3 fontspec changes
)

Package fontspec Info: Font family 'lmroman10-regular(0)' created for font
(fontspec)             'lmroman10-regular' with options
(fontspec)             [Ligatures=TeX,Path,BoldFont={lmroman10-bold},BoldItalic
Font={lmroman10-bolditalic},ItalicFont={lmroman10-italic},SmallCapsFont={lmroma
ncaps10-regular},SlantedFont={lmromanslant10-regular},BoldSlantedFont={lmromans
lant10-bold}].
(fontspec)              
(fontspec)              This font family consists of the following NFSS
(fontspec)             series/shapes:
(fontspec)              
(fontspec)             - 'normal' (m/n) with NFSS spec.:
(fontspec)             <->"[lmroman10-regular]/OT:script=latn;language=DFLT;map
ping=tex-text;"
(fontspec)             - 'small caps'  (m/sc) with NFSS spec.:
(fontspec)             <->"[lmromancaps10-regular]/OT:script=latn;language=DFLT
;mapping=tex-text;"
(fontspec)             - 'bold' (bx/n) with NFSS spec.:
(fontspec)             <->"[lmroman10-bold]/OT:script=latn;language=DFLT;mappin
g=tex-text;"
(fontspec)             - 'bold small caps'  (bx/sc) with NFSS spec.:
(fontspec)             <->"[lmromancaps10-regular]/OT:script=latn;language=DFLT
;mapping=tex-text;"
(fontspec)             - 'italic' (m/it) with NFSS spec.:
(fontspec)             <->"[lmroman10-italic]/OT:script=latn;language=DFLT;mapp
ing=tex-text;"
(fontspec)             - 'italic small caps'  (m/itsc) with NFSS spec.:
(fontspec)             <->"[lmromancaps10-regular]/OT:script=latn;language=DFLT
;mapping=tex-text;"
(fontspec)             - 'slanted' (m/sl) with NFSS spec.:
(fontspec)             <->"[lmromanslant10-regular]/OT:script=latn;language=DFL
T;mapping=tex-text;"
(fontspec)             - 'slanted small caps'  (m/slsc) with NFSS spec.:
(fontspec)             <->"[lmromancaps10-regular]/OT:script=latn;language=DFLT
;mapping=tex-text;"
(fontspec)             - 'bold italic' (bx/it) with NFSS spec.:
(fontspec)             <->"[lmroman10-bolditalic]/OT:script=latn;language=DFLT;
mapping=tex-text;"
(fontspec)             - 'bold italic small caps'  (bx/itsc) with NFSS spec.:
(fontspec)             <->"[lmromancaps10-regular]/OT:script=latn;language=DFLT
;mapping=tex-text;"
(fontspec)             - 'bold slanted' (bx/sl) with NFSS spec.:
(fontspec)             <->"[lmromanslant10-bold]/OT:script=latn;language=DFLT;m
apping=tex-text;"
(fontspec)             - 'bold slanted small caps'  (bx/slsc) with NFSS spec.:
(fontspec)             <->"[lmromancaps10-regular]/OT:script=latn;language=DFLT
;mapping=tex-text;"

)

Package fontspec Info: Font family 'XBNiloofar(0)' created for font 'XB
(fontspec)             Niloofar' with options
(fontspec)             [Script=Persian,Ligatures=PersianTeX].
(fontspec)              
(fontspec)              This font family consists of the following NFSS
(fontspec)             series/shapes:
(fontspec)              
(fontspec)             - 'normal' (m/n) with NFSS spec.: <->"XB
(fontspec)             Niloofar/OT:script=arab;language=DFLT;mapping=persian-te
x-text;"
(fontspec)             - 'small caps'  (m/sc) with NFSS spec.: 
(fontspec)             - 'bold' (bx/n) with NFSS spec.: <->"XB
(fontspec)             Niloofar/B/OT:script=arab;language=DFLT;mapping=persian-
tex-text;"
(fontspec)             - 'bold small caps'  (bx/sc) with NFSS spec.: 
(fontspec)             - 'italic' (m/it) with NFSS spec.: <->"XB
(fontspec)             Niloofar/I/OT:script=arab;language=DFLT;mapping=persian-
tex-text;"
(fontspec)             - 'italic small caps'  (m/itsc) with NFSS spec.: 
(fontspec)             - 'bold italic' (bx/it) with NFSS spec.: <->"XB
(fontspec)             Niloofar/BI/OT:script=arab;language=DFLT;mapping=persian
-tex-text;"
(fontspec)             - 'bold italic small caps'  (bx/itsc) with NFSS spec.: 


Package fontspec Info: Font family 'XBNiloofar(1)' created for font 'XB
(fontspec)             Niloofar' with options [Ligatures=PersianTeX].
(fontspec)              
(fontspec)              This font family consists of the following NFSS
(fontspec)             series/shapes:
(fontspec)              
(fontspec)             - 'normal' (m/n) with NFSS spec.: <->"XB
(fontspec)             Niloofar/OT:script=latn;language=DFLT;mapping=persian-te
x-text;"
(fontspec)             - 'small caps'  (m/sc) with NFSS spec.: 
(fontspec)             - 'bold' (bx/n) with NFSS spec.: <->"XB
(fontspec)             Niloofar/B/OT:script=latn;language=DFLT;mapping=persian-
tex-text;"
(fontspec)             - 'bold small caps'  (bx/sc) with NFSS spec.: 
(fontspec)             - 'italic' (m/it) with NFSS spec.: <->"XB
(fontspec)             Niloofar/I/OT:script=latn;language=DFLT;mapping=persian-
tex-text;"
(fontspec)             - 'italic small caps'  (m/itsc) with NFSS spec.: 
(fontspec)             - 'bold italic' (bx/it) with NFSS spec.: <->"XB
(fontspec)             Niloofar/BI/OT:script=latn;language=DFLT;mapping=persian
-tex-text;"
(fontspec)             - 'bold italic small caps'  (bx/itsc) with NFSS spec.: 

Package xepersian-mathsdigitspec Info: DefiningthedefaultPersianmathsdigitsfont
as'XB Niloofar' on input line 66.
\symOPERATORS=\mathgroup6
\symnew@mathbf@font@digits=\mathgroup7
\symnew@mathit@font@digits=\mathgroup8
\symnew@mathrm@font@digits=\mathgroup9
\c@theorem=\count361
\c@lemma=\count362
\c@example=\count363
\c@definition=\count364
)
(./tikzrput.sty
Package: tikzrput 2016/03/05 v0.3 rput for tikz
\mybox=\box61
)
\tdim=\dimen298
 (./main.aux)
\openout1 = `main.aux'.

LaTeX Font Info:    Checking defaults for OML/cmm/m/it on input line 20.
LaTeX Font Info:    ... okay on input line 20.
LaTeX Font Info:    Checking defaults for T1/cmr/m/n on input line 20.
LaTeX Font Info:    ... okay on input line 20.
LaTeX Font Info:    Checking defaults for OT1/cmr/m/n on input line 20.
LaTeX Font Info:    ... okay on input line 20.
LaTeX Font Info:    Checking defaults for OMS/cmsy/m/n on input line 20.
LaTeX Font Info:    ... okay on input line 20.
LaTeX Font Info:    Checking defaults for TU/lmr/m/n on input line 20.
LaTeX Font Info:    ... okay on input line 20.
LaTeX Font Info:    Checking defaults for OMX/cmex/m/n on input line 20.
LaTeX Font Info:    ... okay on input line 20.
LaTeX Font Info:    Checking defaults for U/cmr/m/n on input line 20.
LaTeX Font Info:    ... okay on input line 20.
 ABD: EveryShipout initializing macros
*geometry* driver: auto-detecting
*geometry* detected driver: xetex
*geometry* verbose mode - [ preamble ] result:
* driver: xetex
* paper: custom
* layout: <same size as paper>
* layoutoffset:(h,v)=(0.0pt,0.0pt)
* modes: twoside 
* h-part:(L,W,R)=(56.9055pt, 355.65944pt, 56.90552pt)
* v-part:(T,H,B)=(85.35826pt, 540.60236pt, 42.67914pt)
* \paperwidth=469.47046pt
* \paperheight=668.63976pt
* \textwidth=355.65944pt
* \textheight=540.60236pt
* \oddsidemargin=-15.36449pt
* \evensidemargin=-15.36447pt
* \topmargin=-18.78552pt
* \headheight=12.0pt
* \headsep=19.8738pt
* \topskip=11.0pt
* \footskip=27.46295pt
* \marginparwidth=106.0pt
* \marginparsep=7.0pt
* \columnsep=10.0pt
* \skip\footins=10.0pt plus 4.0pt minus 2.0pt
* \hoffset=0.0pt
* \voffset=0.0pt
* \mag=1000
* \@twocolumnfalse
* \@twosidetrue
* \@mparswitchtrue
* \@reversemarginfalse
* (1in=72.27pt=25.4mm, 1cm=28.453pt)

\AtBeginShipoutBox=\box62
LaTeX Font Info:    Try loading font information for U+msa on input line 21.
(d:/texlive/2019/texmf-dist/tex/latex/amsfonts/umsa.fd
File: umsa.fd 2013/01/14 v3.01 AMS symbols A
)
LaTeX Font Info:    Try loading font information for U+msb on input line 21.

(d:/texlive/2019/texmf-dist/tex/latex/amsfonts/umsb.fd
File: umsb.fd 2013/01/14 v3.01 AMS symbols B
) [1


]

Package Fancyhdr Warning: \headheight is too small (12.0pt): 
Make it at least 15.45073pt.
We now make it that large for the rest of the document.
This may cause the page layout to be inconsistent, however.

[2

] (./main.toc)
\tf@toc=\write4
\openout4 = `main.toc'.

 (./sesion0.tex [3] [4

]
فصل 1.

\endL or \endR problem (1 missing, 1 extra) detected at line 1
[][][][]\TU/XBNiloofar(0)/m/n/24.88 ۱[][][][]
 []


Underfull \hbox (badness 10000) in paragraph at lines 1--1
[][]
 []


Overfull \hbox (146.1755pt too wide) in paragraph at lines 1--1
[][][][][][][][][][] []
 []


Overfull \hbox (0.2963pt too wide) in paragraph at lines 3--4
[]\TU/XBNiloofar(0)/m/n/10.95 جبرخطی، شاخه‌ای از ریاضیات است که به بررسی ماتریس
‌ها، بردارها، تبدیلات خطی و... می‌پردازد.[]
 []


Underfull \hbox (badness 10000) in paragraph at lines 8--21
[][]
 []


Underfull \hbox (badness 10000) in paragraph at lines 8--21
[][]
 []


Underfull \hbox (badness 10000) in paragraph at lines 8--21
[][]
 []


Underfull \hbox (badness 10000) in paragraph at lines 8--21
[][]
 []


Underfull \hbox (badness 10000) in paragraph at lines 8--21
[][]
 []


Underfull \hbox (badness 10000) in paragraph at lines 8--21
[][]
 []

[5]
Underfull \hbox (badness 10000) in paragraph at lines 22--23
[][]
 []


Underfull \hbox (badness 10000) in paragraph at lines 30--33
[][]
 []


Underfull \hbox (badness 10000) in paragraph at lines 45--47
[][]
 []


Underfull \vbox (badness 1259) has occurred while \output is active []

 [6]
Underfull \hbox (badness 10000) in paragraph at lines 80--97
[][]
 []


Underfull \hbox (badness 10000) in paragraph at lines 80--97
[][]
 []

[7]
Underfull \hbox (badness 10000) in paragraph at lines 97--98
[][]
 []


Underfull \hbox (badness 10000) in paragraph at lines 103--109
[][]
 []


Underfull \hbox (badness 10000) in paragraph at lines 103--109
[][]
 []


Underfull \vbox (badness 10000) has occurred while \output is active []

 [8]
Underfull \hbox (badness 10000) in paragraph at lines 110--111
[][]
 []


Underfull \hbox (badness 10000) in paragraph at lines 111--114
[][]
 []


Overfull \hbox (0.6495pt too wide) in paragraph at lines 119--126
[]\TU/XBNiloofar(0)/m/n/10.95 اکنون خوب است به این پرسش توجه نماییم که آیا می‌ت
وان فضای V را به‌گونه‌ای برحسب زیرفضاهایی[]
 []


Overfull \hbox (3.77017pt too wide) in paragraph at lines 119--126
[]\TU/XBNiloofar(0)/m/n/10.95 که تحت نگاشت A ناوردا هستند، «تجزیه» کرد؟ مشخصاً،
 آیا می‌توان این کار را برحسب زیرفضاهایی[]
 []

[9]
Underfull \hbox (badness 10000) in paragraph at lines 130--133
[][]
 []

) (./sesion1.tex [10]
فصل 2.

\endL or \endR problem (1 missing, 1 extra) detected at line 1
[][][][]\TU/XBNiloofar(0)/m/n/24.88 ۲[][][][]
 []


Underfull \hbox (badness 10000) in paragraph at lines 1--1
[][]
 []


Overfull \hbox (146.1755pt too wide) in paragraph at lines 1--1
[][][][][][][][][][] []
 []


Underfull \hbox (badness 10000) in paragraph at lines 8--11
[][]
 []


Underfull \hbox (badness 10000) in paragraph at lines 22--25
[][]
 []

[11

]
Underfull \hbox (badness 10000) in paragraph at lines 29--31
[][]
 []


Underfull \hbox (badness 10000) in paragraph at lines 33--40
[][]
 []


Underfull \hbox (badness 10000) in paragraph at lines 33--40
[][]
 []


Underfull \hbox (badness 10000) in paragraph at lines 33--40
[][]
 []


Underfull \vbox (badness 10000) has occurred while \output is active []



Package Fancyhdr Warning: \headheight is too small (15.45073pt): 
Make it at least 15.80565pt.
We now make it that large for the rest of the document.
This may cause the page layout to be inconsistent, however.

[12]
Underfull \hbox (badness 10000) in paragraph at lines 52--55
[][]
 []


Underfull \hbox (badness 10000) in paragraph at lines 52--55
[][]
 []


Underfull \hbox (badness 10000) in paragraph at lines 63--64
[][]
 []


Underfull \hbox (badness 10000) in paragraph at lines 64--65
[][]
 []

[13]
Underfull \hbox (badness 10000) in paragraph at lines 65--66
[][]
 []


Underfull \hbox (badness 10000) in paragraph at lines 77--78
[][]
 []


Underfull \hbox (badness 10000) in paragraph at lines 78--79
[][]
 []


Underfull \hbox (badness 10000) in paragraph at lines 79--81
[][]
 []


Underfull \vbox (badness 10000) has occurred while \output is active []

 [14]
Underfull \hbox (badness 10000) in paragraph at lines 90--94
[][]
 []


Underfull \hbox (badness 10000) in paragraph at lines 90--94
[][]
 []


Underfull \hbox (badness 10000) in paragraph at lines 94--96
[][]
 []


Underfull \hbox (badness 10000) in paragraph at lines 104--105
[][]
 []


Overfull \hbox (36.26828pt too wide) detected at line 105
\OT1/cmr/m/n/10.95 ((\OML/cmm/m/it/10.95 n[] \OMS/cmsy/m/n/10.95 ^^@ \OML/cmm/m
/it/10.95 n\OT1/cmr/m/n/10.95 ) + ((\OML/cmm/m/it/10.95 n \OMS/cmsy/m/n/10.95 ^
^@ []\OT1/cmr/m/n/10.95 )[] \OMS/cmsy/m/n/10.95 ^^@ \OT1/cmr/m/n/10.95 (\OML/cm
m/m/it/10.95 n \OMS/cmsy/m/n/10.95 ^^@ []\OT1/cmr/m/n/10.95 )) + [] + []) + ((\
OML/cmm/m/it/10.95 n \OMS/cmsy/m/n/10.95 ^^@ []\OT1/cmr/m/n/10.95 ) + (\OML/cmm
/m/it/10.95 n \OMS/cmsy/m/n/10.95 ^^@ []\OT1/cmr/m/n/10.95 ) + [] + []) = [] + 
[]\OML/cmm/m/it/10.95 :
 []

[15]
Underfull \hbox (badness 10000) in paragraph at lines 109--111
[][]
 []


Underfull \hbox (badness 10000) in paragraph at lines 111--113
[][]
 []

[16]
Underfull \hbox (badness 10000) in paragraph at lines 129--130
[][]
 []


Underfull \hbox (badness 10000) in paragraph at lines 133--134
[][]
 []


Underfull \hbox (badness 10000) in paragraph at lines 134--135
[][]
 []


Underfull \hbox (badness 10000) in paragraph at lines 135--136
[][]
 []

[17]
Underfull \hbox (badness 10000) in paragraph at lines 139--140
[][]
 []


Underfull \hbox (badness 10000) in paragraph at lines 140--141
[][]
 []


Underfull \hbox (badness 10000) in paragraph at lines 141--142
[][]
 []


Underfull \hbox (badness 10000) in paragraph at lines 142--143
[][]
 []

[18] [19]
Underfull \hbox (badness 10000) in paragraph at lines 235--237
[][]
 []

[20]) (./sesion2.tex
Underfull \hbox (badness 10000) in paragraph at lines 2--17
[][]
 []


Underfull \hbox (badness 10000) in paragraph at lines 2--17
[][]
 []


Underfull \hbox (badness 10000) in paragraph at lines 2--17
[][]
 []


Underfull \hbox (badness 10000) in paragraph at lines 2--17
[][]
 []


Underfull \hbox (badness 10000) in paragraph at lines 2--17
[][]
 []


Underfull \hbox (badness 10000) in paragraph at lines 2--17
[][]
 []


Underfull \hbox (badness 10000) in paragraph at lines 2--17
[][]
 []

[21]
Underfull \hbox (badness 10000) in paragraph at lines 21--25
[][]
 []


Underfull \hbox (badness 10000) in paragraph at lines 21--25
[][]
 []

[22]
Underfull \hbox (badness 10000) in paragraph at lines 67--69
[][]
 []

[23] [24] [25]
Underfull \hbox (badness 10000) in paragraph at lines 187--188
[][]
 []


Underfull \hbox (badness 10000) in paragraph at lines 188--191
[][]
 []


Underfull \hbox (badness 10000) in paragraph at lines 197--199
[][]
 []

[26]
Underfull \hbox (badness 10000) in paragraph at lines 206--208
[][]
 []


Underfull \hbox (badness 10000) in paragraph at lines 214--218
[][]
 []

) (./sesion3.tex [27] [28

]
فصل 3.

\endL or \endR problem (1 missing, 1 extra) detected at line 1
[][][][]\TU/XBNiloofar(0)/m/n/24.88 ۳[][][][]
 []


Underfull \hbox (badness 10000) in paragraph at lines 1--1
[][]
 []


Overfull \hbox (146.1755pt too wide) in paragraph at lines 1--1
[][][][][][][][][][] []
 []


Underfull \hbox (badness 10000) in paragraph at lines 6--10
[][]
 []

[29]
Underfull \hbox (badness 10000) in paragraph at lines 34--35
[][]
 []


Underfull \hbox (badness 10000) in paragraph at lines 34--35
[][]
 []

[30]
Underfull \hbox (badness 10000) in paragraph at lines 36--39
[][]
 []


Underfull \hbox (badness 10000) in paragraph at lines 49--54
[][]
 []


Underfull \vbox (badness 10000) has occurred while \output is active []

 [31]
Underfull \hbox (badness 10000) in paragraph at lines 65--69
[][]
 []

[32] [33]) (./sesion4.tex
Underfull \hbox (badness 10000) in paragraph at lines 13--16
[][]
 []

[34] [35]
Underfull \hbox (badness 10000) in paragraph at lines 36--40
[][]
 []


Underfull \vbox (badness 10000) has occurred while \output is active []

 [36]
Underfull \vbox (badness 1655) has occurred while \output is active []

 [37])
(./sesion5.tex [38]
Underfull \vbox (badness 10000) has occurred while \output is active []

 [39]
Underfull \vbox (badness 10000) has occurred while \output is active []

 [40]

LaTeX Font Warning: Command \tiny invalid in math mode on input line 130.


LaTeX Font Warning: Command \tiny invalid in math mode on input line 130.


Underfull \vbox (badness 1270) has occurred while \output is active []

 [41])
(./sesion6.tex
Underfull \vbox (badness 2181) has occurred while \output is active []

 [42]
Underfull \vbox (badness 10000) has occurred while \output is active []

 [43]
Underfull \vbox (badness 3219) has occurred while \output is active []

 [44]
Underfull \hbox (badness 10000) in paragraph at lines 77--81
[][]
 []


Underfull \vbox (badness 10000) has occurred while \output is active []

 [45]
[46] [47]
Overfull \hbox (43.21523pt too wide) in paragraph at lines 148--149
[]\TU/XBNiloofar(0)/m/n/10.95 در نتیجه، $\OML/cmm/m/it/10.95 c[] \OT1/cmr/m/n/1
0.95 = [] = \OML/cmm/m/it/10.95 c[] \OT1/cmr/m/n/10.95 = []$ \TU/XBNiloofar(0)/
m/n/10.95 و $\OML/cmm/m/it/10.95 d[] \OT1/cmr/m/n/10.95 = [] = \OML/cmm/m/it/10
.95 d[] \OT1/cmr/m/n/10.95 = []$\TU/XBNiloofar(0)/m/n/10.95 ، پس $\OMS/cmsy/m/n
/10.95 f\OML/cmm/m/it/10.95 p[]; []  ; p[]; v[]; []  ; v[]; w[]; []  ; w[]\OMS/
cmsy/m/n/10.95 g$[]
 []


Overfull \hbox (43.717pt too wide) detected at line 150
\OML/cmm/m/it/10.95 r \OT1/cmr/m/n/10.95 + \OML/cmm/m/it/10.95 n \OT1/cmr/m/n/1
0.95 + \OML/cmm/m/it/10.95 m \OT1/cmr/m/n/10.95 = \OML/cmm/m/it/10.95 dim\OT1/c
mr/m/n/10.95 (\OML/cmm/m/it/10.95 W[] \OT1/cmr/m/n/10.95 + \OML/cmm/m/it/10.95 
W[]\OT1/cmr/m/n/10.95 ) = \OML/cmm/m/it/10.95 dim\OT1/cmr/m/n/10.95 (\OML/cmm/m
/it/10.95 W[]\OT1/cmr/m/n/10.95 ) + \OML/cmm/m/it/10.95 dim\OT1/cmr/m/n/10.95 (
\OML/cmm/m/it/10.95 W[]\OT1/cmr/m/n/10.95 ) \OMS/cmsy/m/n/10.95 ^^@ \OML/cmm/m/
it/10.95 dim\OT1/cmr/m/n/10.95 (\OML/cmm/m/it/10.95 W[] \OMS/cmsy/m/n/10.95 \ \
OML/cmm/m/it/10.95 W[]\OT1/cmr/m/n/10.95 ) = (\OML/cmm/m/it/10.95 r \OT1/cmr/m/
n/10.95 + \OML/cmm/m/it/10.95 n\OT1/cmr/m/n/10.95 ) + (\OML/cmm/m/it/10.95 r \O
T1/cmr/m/n/10.95 + \OML/cmm/m/it/10.95 m\OT1/cmr/m/n/10.95 ) \OMS/cmsy/m/n/10.9
5 ^^@ \OML/cmm/m/it/10.95 r
 []

) (./sesion7.tex
Overfull \hbox (54.15567pt too wide) detected at line 16
\OML/cmm/m/it/10.95 v[] \OT1/cmr/m/n/10.95 = [] \OML/cmm/m/it/10.95 ;  v[] \OT1
/cmr/m/n/10.95 = [] \OML/cmm/m/it/10.95 ;  v[] \OT1/cmr/m/n/10.95 = [] \OML/cmm
/m/it/10.95 ;  v[] \OT1/cmr/m/n/10.95 = [] \OML/cmm/m/it/10.95 ;  v[] \OT1/cmr/
m/n/10.95 = [] \OML/cmm/m/it/10.95 ;  v[] \OT1/cmr/m/n/10.95 = []  \OML/cmm/m/i
t/10.95 :
 []

[48]
Overfull \hbox (4.40366pt too wide) in paragraph at lines 28--30
[]\TU/XBNiloofar(0)/m/n/10.95 می‌دانیم که ماتریس وارون‌پذیر $\OML/cmm/m/it/10.9
5 E$ \TU/XBNiloofar(0)/m/n/10.95 وجود دارد که $\OML/cmm/m/it/10.95 EA \OT1/cmr/
m/n/10.95 = \OML/cmm/m/it/10.95 R$\TU/XBNiloofar(0)/m/n/10.95 . ستون‌های ماتریس
 $\OML/cmm/m/it/10.95 R$ \TU/XBNiloofar(0)/m/n/10.95 را با $\OML/cmm/m/it/10.95
 R[]; []  ; R[]$[]
 []


Underfull \vbox (badness 10000) has occurred while \output is active []

 [49]
Overfull \hbox (31.38577pt too wide) in paragraph at lines 35--38
[]\TU/XBNiloofar(0)/m/n/10.95 فرض کنید $\OML/cmm/m/it/10.95 R[]; []  ; R[]$ \TU
/XBNiloofar(0)/m/n/10.95 ستون‌های محوری باشند؛ در این صورت $\OML/cmm/m/it/10.95
 C\OT1/cmr/m/n/10.95 (\OML/cmm/m/it/10.95 R\OT1/cmr/m/n/10.95 ) = \OML/cmm/m/it
/10.95 span\OT1/cmr/m/n/10.95 (\OMS/cmsy/m/n/10.95 f\OML/cmm/m/it/10.95 R[]; []
  ; R[]\OMS/cmsy/m/n/10.95 g\OT1/cmr/m/n/10.95 )$\TU/XBNiloofar(0)/m/n/10.95 .[
]
 []


Underfull \vbox (badness 10000) has occurred while \output is active []

 [50]
[51]) (./sesion8.tex [52]
فصل 4.

\endL or \endR problem (1 missing, 1 extra) detected at line 1
[][][][]\TU/XBNiloofar(0)/m/n/24.88 ۴[][][][]
 []


Underfull \hbox (badness 10000) in paragraph at lines 1--1
[][]
 []


Overfull \hbox (146.1755pt too wide) in paragraph at lines 1--1
[][][][][][][][][][] []
 []

File: incidence.jpg Graphic file (type bmp)
<incidence.jpg>

Underfull \hbox (badness 10000) in paragraph at lines 14--18
[][]
 []

[53

]
Underfull \vbox (badness 10000) has occurred while \output is active []

 [54]
Underfull \hbox (badness 10000) in paragraph at lines 45--48
[][]
 []

[55]
File: triangle.png Graphic file (type bmp)
<triangle.png>
File: triangle2.png Graphic file (type bmp)
<triangle2.png>

Underfull \vbox (badness 1448) has occurred while \output is active []

 [56])
(./sesion9.tex [57] [58

]
فصل 5.

\endL or \endR problem (1 missing, 1 extra) detected at line 1
[][][][]\TU/XBNiloofar(0)/m/n/24.88 ۵[][][][]
 []


Underfull \hbox (badness 10000) in paragraph at lines 1--1
[][]
 []


Overfull \hbox (146.1755pt too wide) in paragraph at lines 1--1
[][][][][][][][][][] []
 []


Underfull \hbox (badness 10000) in paragraph at lines 3--7
[][]
 []

[59]
Underfull \hbox (badness 10000) in paragraph at lines 45--58
[][]
 []


Underfull \hbox (badness 10000) in paragraph at lines 45--58
[][]
 []


Underfull \hbox (badness 10000) in paragraph at lines 45--58
[][]
 []

[60] [61]
Underfull \hbox (badness 10000) in paragraph at lines 80--83
[][]
 []

[62]
Overfull \hbox (35.65387pt too wide) in paragraph at lines 108--109
[]\TU/XBNiloofar(0)/m/n/10.95 دارند که $\OMS/cmsy/m/n/10.95 f\OML/cmm/m/it/10.9
5 v[]; []  ; v[]; v[]; []  ; v[]\OMS/cmsy/m/n/10.95 g$ \TU/XBNiloofar(0)/m/n/10
.95 پایه‌ای برای $\OML/cmm/m/it/10.95 V$ \TU/XBNiloofar(0)/m/n/10.95 است. ثابت 
می‌کنیم که $\OMS/cmsy/m/n/10.95 f\OML/cmm/m/it/10.95 T\OT1/cmr/m/n/10.95 (\OML/
cmm/m/it/10.95 v[]\OT1/cmr/m/n/10.95 )\OML/cmm/m/it/10.95 ; []  ; T\OT1/cmr/m/n
/10.95 (\OML/cmm/m/it/10.95 v[]\OT1/cmr/m/n/10.95 )\OMS/cmsy/m/n/10.95 g$[]
 []

[63]) (./sesion17.tex [64]
فصل 6.

\endL or \endR problem (1 missing, 1 extra) detected at line 2
[][][][]\TU/XBNiloofar(0)/m/n/24.88 ۶[][][][]
 []


Underfull \hbox (badness 10000) in paragraph at lines 2--2
[][]
 []


Overfull \hbox (146.1755pt too wide) in paragraph at lines 2--2
[][][][][][][][][][] []
 []


Underfull \hbox (badness 10000) in paragraph at lines 3--5
[][]
 []

[65

]
Underfull \hbox (badness 10000) in paragraph at lines 29--35
[][]
 []


Underfull \vbox (badness 10000) has occurred while \output is active []

 [66]
Underfull \vbox (badness 10000) has occurred while \output is active []

 [67]
[68]
فصل 7.

\endL or \endR problem (1 missing, 1 extra) detected at line 59
[][][][]\TU/XBNiloofar(0)/m/n/24.88 ۷[][][][]
 []


Underfull \hbox (badness 10000) in paragraph at lines 59--59
[][]
 []


Overfull \hbox (146.1755pt too wide) in paragraph at lines 59--59
[][][][][][][][][][] []
 []


Overfull \hbox (6.46935pt too wide) in paragraph at lines 67--68
[]\TU/XBNiloofar(0)/m/n/10.95 متوازی‌السطوح جدید برابر با حجم متوازی‌السطوح اول
یه به‌علاوه‌ی حجم متوازی‌السطوحی که ساق‌های[]
 []


Overfull \hbox (57.79135pt too wide) detected at line 69
\OT1/cmr/m/n/10.95 ^^H(\OML/cmm/m/it/10.95 a[]; []  ; a[] \OT1/cmr/m/n/10.95 + 
\OML/cmm/m/it/10.95 w; a[]; []  ; a[]\OT1/cmr/m/n/10.95 ) = ^^H(\OML/cmm/m/it/1
0.95 a[]; []  ; a[]; a[]; []  ; a[]\OT1/cmr/m/n/10.95 ) + ^^H(\OML/cmm/m/it/10.
95 a[]; []  ; w; a[]; []  ; a[]\OT1/cmr/m/n/10.95 )
 []

[69

]
Overfull \hbox (97.6604pt too wide) detected at line 111
\OT1/cmr/m/n/10.95 ^^H(\OML/cmm/m/it/10.95 a[]; []  ; a[]\OT1/cmr/m/n/10.95 ) =
 ^^H([] \OML/cmm/m/it/10.95 a[]e[]; []  ; [] a[]e[]\OT1/cmr/m/n/10.95 ) = [] []
 [] \OML/cmm/m/it/10.95 a[] [] a[]\OT1/cmr/m/n/10.95 ^^H(\OML/cmm/m/it/10.95 e[
]; []  ; e[]\OT1/cmr/m/n/10.95 ) \OML/cmm/m/it/10.95 :  \OT1/cmr/m/n/10.95 (\OM
S/cmsy/m/n/10.95 ^^C^^C\OT1/cmr/m/n/10.95 )
 []


Overfull \hbox (22.94234pt too wide) in paragraph at lines 128--137
[]\TU/XBNiloofar(0)/m/n/10.95 جا‌به‌جا کنیم؛ بنابراین بایستی جایگشت دوتایی $\OT
1/cmr/m/n/10.95 (\OML/cmm/m/it/10.95 i; j\OT1/cmr/m/n/10.95 )$ \TU/XBNiloofar(0
)/m/n/10.95 (که فرض کنید j مکان $\OML/cmm/m/it/10.95 e[]$ \TU/XBNiloofar(0)/m/n
/10.95 در $\OT1/cmr/m/n/10.95 ^^H(\OML/cmm/m/it/10.95 e[]; []  ; e[]\OT1/cmr/m/
n/10.95 )$[]
 []

[70]) (./sesion18.tex

Package amsmath Warning: Foreign command \atopwithdelims;
(amsmath)                \frac or \genfrac should be used instead
(amsmath)                 on input line 28.

[71] [72]
Overfull \hbox (54.98941pt too wide) detected at line 114
\OML/cmm/m/it/10.95 z[] [] z[]z[]z[] [] z[]\OT1/cmr/m/n/10.95 (\OML/cmm/m/it/10
.95 a[]\OT1/cmr/m/n/10.95 ) = \OML/cmm/m/it/10.95 z[] [] z[]\OT1/cmr/m/n/10.95 
(\OML/cmm/m/it/10.95 a[]\OT1/cmr/m/n/10.95 ) = \OML/cmm/m/it/10.95 z[] [] z[]\O
T1/cmr/m/n/10.95 (\OML/cmm/m/it/10.95 a[]\OT1/cmr/m/n/10.95 ) = \OML/cmm/m/it/1
0.95 z[] [] z[]\OT1/cmr/m/n/10.95 (\OML/cmm/m/it/10.95 a[]\OT1/cmr/m/n/10.95 ) 
= \OML/cmm/m/it/10.95 a[]
 []

[73]
Underfull \vbox (badness 5316) has occurred while \output is active []

 [74]
[75]) (./sesion19.tex [76]
Overfull \hbox (41.8557pt too wide) detected at line 14
\OT1/cmr/m/n/10.95 = ^^H(\OML/cmm/m/it/10.95 A[]; []  ; A[]; A[]; []  ; A[]; []
  ; A[]\OT1/cmr/m/n/10.95 ) \OMS/cmsy/m/n/10.95 ^^@ \OML/cmm/m/it/10.95 c []
 []

[77]
Overfull \hbox (9.78629pt too wide) in paragraph at lines 34--36
[]\TU/XBNiloofar(0)/m/n/10.95 هر جمله‌ی $\OML/cmm/m/it/10.95 sgn\OT1/cmr/m/n/10
.95 (\OML/cmm/m/it/10.95 ^^[\OT1/cmr/m/n/10.95 )\OML/cmm/m/it/10.95 a[] [] a[]$
 \TU/XBNiloofar(0)/m/n/10.95 در $\OML/cmm/m/it/10.95 det A$ \TU/XBNiloofar(0)/m
/n/10.95 معادل $\OML/cmm/m/it/10.95 sgn\OT1/cmr/m/n/10.95 (\OML/cmm/m/it/10.95 
^^[[]\OT1/cmr/m/n/10.95 )\OML/cmm/m/it/10.95 a[] [] a[]$[]
 []

[78]
Underfull \vbox (badness 10000) has occurred while \output is active []

 [79]
Overfull \hbox (0.1193pt too wide) in paragraph at lines 64--66
[]\TU/XBNiloofar(0)/m/n/10.95 چرا که $\OML/cmm/m/it/10.95 det$ \TU/XBNiloofar(0
)/m/n/10.95 یک تابع متناوب است. بنا به قضیه‌ی رده‌بندی توابع $\OML/cmm/m/it/10.
95 n$ \TU/XBNiloofar(0)/m/n/10.95 - خطی و $\OML/cmm/m/it/10.95 alternating$\TU/
XBNiloofar(0)/m/n/10.95 : []
 []


Overfull \hbox (50.31227pt too wide) detected at line 66
\OT1/cmr/m/n/10.95 ^^H(\OML/cmm/m/it/10.95 a[]; []  ; a[]\OT1/cmr/m/n/10.95 ) =
 [] \OML/cmm/m/it/10.95 sgn\OT1/cmr/m/n/10.95 (\OML/cmm/m/it/10.95 ^^[\OT1/cmr/
m/n/10.95 )\OML/cmm/m/it/10.95 a[] [] a[]\OT1/cmr/m/n/10.95 ^^H(\OML/cmm/m/it/1
0.95 e[]; []  ; e[]\OT1/cmr/m/n/10.95 ) = (\OML/cmm/m/it/10.95 det A\OT1/cmr/m/
n/10.95 )^^H(\OML/cmm/m/it/10.95 e[]; []  ; e[]\OT1/cmr/m/n/10.95 )
 []


Overfull \hbox (19.88974pt too wide) detected at line 72
\OML/cmm/m/it/10.95 A[]  \OMS/cmsy/m/n/10.95 )  \OML/cmm/m/it/10.95 AA[] \OT1/c
mr/m/n/10.95 = \OML/cmm/m/it/10.95 I  \OMS/cmsy/m/n/10.95 )  \OT1/cmr/m/n/10.95
 (\OML/cmm/m/it/10.95 det A\OT1/cmr/m/n/10.95 )(\OML/cmm/m/it/10.95 det A[]\OT1
/cmr/m/n/10.95 ) = []  \OMS/cmsy/m/n/10.95 )  \OML/cmm/m/it/10.95 det A \OMS/cm
sy/m/n/10.95 6\OT1/cmr/m/n/10.95 = []
 []

[80] [81] [82]) (./sesion20.tex
Underfull \vbox (badness 3989) has occurred while \output is active []

 [83]
Underfull \vbox (badness 10000) has occurred while \output is active []

 [84]
Overfull \hbox (6.02086pt too wide) detected at line 49
\OML/cmm/m/it/10.95 C[]A \OT1/cmr/m/n/10.95 = [] [] = [] = (\OML/cmm/m/it/10.95
 det A\OT1/cmr/m/n/10.95 )\OML/cmm/m/it/10.95 I
 []


Overfull \hbox (22.15921pt too wide) detected at line 55
\OT1/cmr/m/n/10.95 (\OML/cmm/m/it/10.95 adj A[]\OT1/cmr/m/n/10.95 )[] = (\OMS/c
msy/m/n/10.95 ^^@[]\OT1/cmr/m/n/10.95 )[]\OML/cmm/m/it/10.95 det A[]\OT1/cmr/m/
n/10.95 (\OML/cmm/m/it/10.95 j\OMS/cmsy/m/n/10.95 j\OML/cmm/m/it/10.95 i\OT1/cm
r/m/n/10.95 ) = (\OMS/cmsy/m/n/10.95 ^^@[]\OT1/cmr/m/n/10.95 )[]\OML/cmm/m/it/1
0.95 det A\OT1/cmr/m/n/10.95 (\OML/cmm/m/it/10.95 i\OMS/cmsy/m/n/10.95 j\OML/cm
m/m/it/10.95 j\OT1/cmr/m/n/10.95 ) = (\OML/cmm/m/it/10.95 adj A\OT1/cmr/m/n/10.
95 )[] = (\OML/cmm/m/it/10.95 adj A\OT1/cmr/m/n/10.95 )[]
 []

[85]
Underfull \vbox (badness 10000) has occurred while \output is active []

 [86]
[87] [88

]
فصل 8.

\endL or \endR problem (1 missing, 1 extra) detected at line 90
[][][][]\TU/XBNiloofar(0)/m/n/24.88 ۸[][][][]
 []


Underfull \hbox (badness 10000) in paragraph at lines 90--90
[][]
 []


Overfull \hbox (146.1755pt too wide) in paragraph at lines 90--90
[][][][][][][][][][] []
 []

[89] [90]) (./sesion21.tex [91]
Underfull \hbox (badness 10000) in paragraph at lines 25--29
[][]
 []

[92]
Underfull \hbox (badness 10000) in paragraph at lines 29--33
[][]
 []

[93] [94]) (./sesion22.tex [95]
Underfull \hbox (badness 10000) in paragraph at lines 23--24
[][]
 []


Underfull \vbox (badness 3568) has occurred while \output is active []

 [96]
Underfull \vbox (badness 10000) has occurred while \output is active []

 [97]
[98]
Missing character: There is no ‌ in font cmr10!

Underfull \vbox (badness 10000) has occurred while \output is active []

 [99]
[100]) (./sesion23.tex [101]
Underfull \hbox (badness 10000) in paragraph at lines 24--26
[][]
 []


Overfull \hbox (1.95752pt too wide) detected at line 28
\OT1/cmr/m/n/10.95 (\OML/cmm/m/it/10.95 c[]v[] \OT1/cmr/m/n/10.95 + [] + \OML/c
mm/m/it/10.95 c[]v[]\OT1/cmr/m/n/10.95 ) + [] + (\OML/cmm/m/it/10.95 c[]v[] \OT
1/cmr/m/n/10.95 + [] + (\OML/cmm/m/it/10.95 c[]v[] \OT1/cmr/m/n/10.95 + [] + \O
ML/cmm/m/it/10.95 c[]v[]\OT1/cmr/m/n/10.95 ) = []
 []

[102]
Underfull \hbox (badness 10000) in paragraph at lines 34--35
[][]
 []

[103] [104]
Overfull \hbox (23.96555pt too wide) detected at line 140
\OML/cmm/m/it/10.95 f\OT1/cmr/m/n/10.95 (\OML/cmm/m/it/10.95 A\OT1/cmr/m/n/10.9
5 ) = \OML/cmm/m/it/10.95 f\OT1/cmr/m/n/10.95 (\OML/cmm/m/it/10.95 S[]AS\OT1/cm
r/m/n/10.95 ) = ([] \OMS/cmsy/m/n/10.95 ^^@ \OML/cmm/m/it/10.95 ^^U[]I\OT1/cmr/
m/n/10.95 )[] [] ([] \OMS/cmsy/m/n/10.95 ^^@ \OML/cmm/m/it/10.95 ^^U[]I\OT1/cmr
/m/n/10.95 )[] = []
 []

[105]
Overfull \hbox (24.88127pt too wide) detected at line 174
\OT1/cmr/m/n/10.95 (\OML/cmm/m/it/10.95 xI \OMS/cmsy/m/n/10.95 ^^@ \OML/cmm/m/i
t/10.95 A\OT1/cmr/m/n/10.95 )(\OML/cmm/m/it/10.95 B[]x[] \OT1/cmr/m/n/10.95 + \
OML/cmm/m/it/10.95 B[]x[] \OT1/cmr/m/n/10.95 + [] + \OML/cmm/m/it/10.95 B[]x \O
T1/cmr/m/n/10.95 + \OML/cmm/m/it/10.95 B[]\OT1/cmr/m/n/10.95 ) = (\OML/cmm/m/it
/10.95 x[] \OT1/cmr/m/n/10.95 + \OML/cmm/m/it/10.95 a[]x[] \OT1/cmr/m/n/10.95 +
 [] + \OML/cmm/m/it/10.95 a[]x \OT1/cmr/m/n/10.95 + \OML/cmm/m/it/10.95 a[]\OT1
/cmr/m/n/10.95 )\OML/cmm/m/it/10.95 I
 []

) (./sesion24.tex [106]
Underfull \hbox (badness 10000) in paragraph at lines 11--12
[][]
 []


Overfull \hbox (38.45244pt too wide) detected at line 22
\OML/cmm/m/it/10.95 P[]p\OT1/cmr/m/n/10.95 (\OML/cmm/m/it/10.95 A\OT1/cmr/m/n/1
0.95 )\OML/cmm/m/it/10.95 P \OT1/cmr/m/n/10.95 = \OML/cmm/m/it/10.95 P[]\OT1/cm
r/m/n/10.95 ([] \OML/cmm/m/it/10.95 c[]A[]\OT1/cmr/m/n/10.95 )\OML/cmm/m/it/10.
95 P \OT1/cmr/m/n/10.95 = [] \OML/cmm/m/it/10.95 c[]P[]A[]P \OT1/cmr/m/n/10.95 
= [] \OML/cmm/m/it/10.95 c[]\OT1/cmr/m/n/10.95 (\OML/cmm/m/it/10.95 P[]AP\OT1/c
mr/m/n/10.95 )[] = [] \OML/cmm/m/it/10.95 c[]\OT1/cmr/m/n/10.95 [\OML/cmm/m/it/
10.95 T\OT1/cmr/m/n/10.95 ][] = []
 []

[107]) (./sesion25.tex [108]
Underfull \vbox (badness 10000) has occurred while \output is active []

 [109]
Overfull \hbox (12.76447pt too wide) detected at line 31
[]\OT1/cmr/m/n/10.95 (\OML/cmm/m/it/10.95 T \OMS/cmsy/m/n/10.95 ^^@ \OML/cmm/m/
it/10.95 ^^U[]I\OT1/cmr/m/n/10.95 )\OML/cmm/m/it/10.95 x \OT1/cmr/m/n/10.95 = [
](\OML/cmm/m/it/10.95 T \OMS/cmsy/m/n/10.95 ^^@ \OML/cmm/m/it/10.95 c[]I\OT1/cm
r/m/n/10.95 )(\OML/cmm/m/it/10.95 x[] \OT1/cmr/m/n/10.95 + [] + \OML/cmm/m/it/1
0.95 x[]\OT1/cmr/m/n/10.95 ) = [](\OML/cmm/m/it/10.95 T \OMS/cmsy/m/n/10.95 ^^@
 \OML/cmm/m/it/10.95 c[]I\OT1/cmr/m/n/10.95 )\OML/cmm/m/it/10.95 x[] \OT1/cmr/m
/n/10.95 + [] + [](\OML/cmm/m/it/10.95 T \OMS/cmsy/m/n/10.95 ^^@ \OML/cmm/m/it/
10.95 c[]I\OT1/cmr/m/n/10.95 )\OML/cmm/m/it/10.95 x[]
 []


Underfull \vbox (badness 10000) has occurred while \output is active []

 [110]
[111]
Underfull \vbox (badness 10000) has occurred while \output is active []

 [112]
Overfull \hbox (60.11815pt too wide) detected at line 196
\OML/cmm/m/it/10.95 Q[]\OT1/cmr/m/n/10.95 [\OML/cmm/m/it/10.95 T\OT1/cmr/m/n/10
.95 ][]\OML/cmm/m/it/10.95 Q \OT1/cmr/m/n/10.95 = [] [] [] = []
 []


Underfull \vbox (badness 10000) has occurred while \output is active []

 [113])
No file main.bbl.
[114] (./main.aux) ) 
Here is how much of TeX's memory you used:
 29214 strings out of 492922
 605139 string characters out of 6136751
 706153 words of memory out of 5000000
 32614 multiletter control sequences out of 15000+600000
 543824 words of font info for 131 fonts, out of 8000000 for 9000
 1348 hyphenation exceptions out of 8191
 57i,24n,69p,4834b,727s stack positions out of 5000i,500n,10000p,200000b,80000s

Output written on main.pdf (114 pages).
