This is XeTeX, Version 3.14159265-2.6-0.999991 (TeX Live 2019) (preloaded format=xelatex 2019.12.11)  23 FEB 2021 09:50
entering extended mode
 restricted \write18 enabled.
 %&-line parsing enabled.
**sesion1.tex
(./sesion1.tex
LaTeX2e <2018-12-01>
! Undefined control sequence.
l.1 \chapter
            {د ستگاه ..}
? 

! LaTeX Error: Missing \begin{document}.

See the LaTeX manual or LaTeX Companion for explanation.
Type  H <return>  for immediate help.
 ...                                              
                                                  
l.1 \chapter{د
               ستگاه ..}
? 
Missing character: There is no د in font nullfont!
Missing character: There is no س in font nullfont!
Missing character: There is no ت in font nullfont!
Missing character: There is no گ in font nullfont!
Missing character: There is no ا in font nullfont!
Missing character: There is no ه in font nullfont!
Missing character: There is no . in font nullfont!
Missing character: There is no . in font nullfont!
! Undefined control sequence.
l.2 ^^I\section
               {فضای ضرب داخلی}
? 
! Emergency stop.
l.2 ^^I\section
               {فضای ضرب داخلی}
End of file on the terminal!

 
Here is how much of TeX's memory you used:
 4 strings out of 492916
 42 string characters out of 6133344
 64431 words of memory out of 5000000
 4159 multiletter control sequences out of 15000+600000
 3640 words of font info for 14 fonts, out of 8000000 for 9000
 1348 hyphenation exceptions out of 8191
 5i,0n,4p,39b,16s stack positions out of 5000i,500n,10000p,200000b,80000s
No pages of output.
